TN:
SF:/Users/daniel/Documents/Programming/devlog/backend/src/graphql/mutations/mutation-createUser.ts
FN:2,(anonymous_0)
FN:3,(anonymous_1)
FN:4,fulfilled
FN:5,rejected
FN:6,step
FN:6,(anonymous_5)
FN:10,(anonymous_6)
FN:11,(anonymous_7)
FN:12,(anonymous_8)
FN:13,verb
FN:13,(anonymous_10)
FN:14,step
FN:43,(anonymous_12)
FN:43,(anonymous_13)
FN:45,(anonymous_14)
FNF:15
FNH:13
FNDA:1,(anonymous_0)
FNDA:1,(anonymous_1)
FNDA:1,fulfilled
FNDA:0,rejected
FNDA:2,step
FNDA:1,(anonymous_5)
FNDA:1,(anonymous_6)
FNDA:1,(anonymous_7)
FNDA:0,(anonymous_8)
FNDA:3,verb
FNDA:2,(anonymous_10)
FNDA:2,step
FNDA:1,(anonymous_12)
FNDA:1,(anonymous_13)
FNDA:2,(anonymous_14)
DA:2,1
DA:3,1
DA:4,1
DA:5,0
DA:6,2
DA:7,1
DA:10,1
DA:11,1
DA:12,1
DA:13,3
DA:15,2
DA:16,4
DA:17,4
DA:18,4
DA:19,4
DA:20,2
DA:21,1
DA:22,0
DA:23,0
DA:25,1
DA:26,0
DA:27,0
DA:28,0
DA:29,0
DA:30,0
DA:32,2
DA:33,4
DA:34,1
DA:37,1
DA:38,1
DA:39,1
DA:40,1
DA:41,1
DA:42,1
DA:43,1
DA:45,1
DA:46,2
DA:48,1
DA:49,1
DA:50,1
DA:56,1
DA:60,1
DA:62,1
DA:63,1
DA:64,1
LF:45
LH:37
BRDA:2,0,0,1
BRDA:2,0,1,1
BRDA:2,0,2,1
BRDA:3,1,0,1
BRDA:3,1,1,1
BRDA:6,2,0,1
BRDA:6,2,1,1
BRDA:7,3,0,1
BRDA:7,3,1,1
BRDA:10,4,0,1
BRDA:10,4,1,1
BRDA:10,4,2,1
BRDA:11,5,0,0
BRDA:11,5,1,1
BRDA:12,6,0,1
BRDA:12,6,1,1
BRDA:15,7,0,0
BRDA:15,7,1,2
BRDA:17,8,0,0
BRDA:17,8,1,4
BRDA:17,9,0,4
BRDA:17,9,1,0
BRDA:17,9,2,0
BRDA:17,10,0,0
BRDA:17,10,1,0
BRDA:17,11,0,0
BRDA:17,11,1,0
BRDA:18,12,0,0
BRDA:18,12,1,4
BRDA:19,13,0,2
BRDA:19,13,1,2
BRDA:19,13,2,1
BRDA:19,13,3,0
BRDA:19,13,4,0
BRDA:19,13,5,1
BRDA:25,14,0,1
BRDA:25,14,1,0
BRDA:25,15,0,1
BRDA:25,15,1,1
BRDA:25,15,2,1
BRDA:25,16,0,1
BRDA:25,16,1,0
BRDA:26,17,0,0
BRDA:26,17,1,0
BRDA:26,18,0,0
BRDA:26,18,1,0
BRDA:26,18,2,0
BRDA:26,18,3,0
BRDA:27,19,0,0
BRDA:27,19,1,0
BRDA:27,20,0,0
BRDA:27,20,1,0
BRDA:28,21,0,0
BRDA:28,21,1,0
BRDA:28,22,0,0
BRDA:28,22,1,0
BRDA:29,23,0,0
BRDA:29,23,1,0
BRDA:34,24,0,0
BRDA:34,24,1,1
BRDA:34,25,0,1
BRDA:34,25,1,0
BRDA:46,26,0,1
BRDA:46,26,1,1
BRF:64
BRH:32
end_of_record
